{
  "RSpec": {
    "coverage": {
      "/Users/Aru/Desktop/Makers/week6/Makers-BnB-Challenge/app.rb": [
        1,
        null,
        1,
        1,
        1,
        1,
        1,
        null,
        null,
        1,
        1,
        1,
        1,
        null,
        1,
        null,
        1,
        1,
        694,
        null,
        null,
        null,
        1,
        40,
        null,
        null,
        1,
        76,
        null,
        76,
        null,
        null,
        1,
        31,
        null,
        null,
        1,
        29,
        null,
        null,
        null,
        null,
        29,
        null,
        29,
        25,
        25,
        null,
        4,
        4,
        null,
        null,
        null,
        1,
        21,
        21,
        null,
        null,
        1,
        37,
        null,
        null,
        37,
        31,
        31,
        31,
        null,
        6,
        6,
        null,
        null,
        null,
        1,
        3,
        null,
        null,
        1,
        3,
        3,
        2,
        2,
        null,
        1,
        1,
        null,
        null,
        null,
        1,
        2,
        2,
        2,
        null,
        null,
        1,
        17,
        17,
        null,
        null,
        null,
        null,
        17,
        2,
        null,
        2,
        null,
        15,
        15,
        null,
        0,
        0,
        null,
        null,
        null,
        1,
        15,
        15,
        15,
        null,
        null,
        1,
        9,
        9,
        null,
        null,
        1,
        3,
        3,
        3,
        3,
        null,
        null,
        3,
        1,
        1,
        null,
        3,
        null,
        null,
        1,
        1,
        1,
        1,
        1,
        null,
        null,
        null,
        1,
        null
      ],
      "/Users/Aru/Desktop/Makers/week6/Makers-BnB-Challenge/datamapper_setup.rb": [
        1,
        1,
        null,
        1,
        1,
        1,
        null,
        1,
        1,
        1
      ],
      "/Users/Aru/Desktop/Makers/week6/Makers-BnB-Challenge/models/user.rb": [
        1,
        null,
        1,
        1,
        null,
        1,
        1,
        null,
        1,
        1,
        1,
        null,
        1,
        1,
        1,
        1,
        null,
        null,
        1,
        1,
        1,
        null,
        1,
        42,
        42,
        null,
        null,
        1,
        5,
        null,
        5,
        3,
        null,
        null,
        null,
        null,
        null,
        null
      ],
      "/Users/Aru/Desktop/Makers/week6/Makers-BnB-Challenge/models/space.rb": [
        1,
        1,
        null,
        1,
        1,
        1,
        1,
        1,
        1,
        null,
        1,
        1,
        null,
        1,
        null,
        1,
        null,
        1,
        null,
        null,
        1,
        31,
        1,
        null,
        30,
        28,
        null,
        2,
        null,
        null,
        null,
        1,
        31,
        null,
        null,
        1,
        31,
        null,
        null,
        1,
        null,
        19,
        null,
        16,
        null,
        3,
        null,
        null,
        null,
        1,
        null,
        1,
        62,
        2,
        60,
        58,
        null,
        2,
        null,
        null,
        null,
        null
      ],
      "/Users/Aru/Desktop/Makers/week6/Makers-BnB-Challenge/models/request.rb": [
        1,
        1,
        null,
        1,
        1,
        1,
        null,
        1,
        1,
        1,
        null,
        null
      ],
      "/Users/Aru/Desktop/Makers/week6/Makers-BnB-Challenge/spec/helpers/sessions.rb": [
        1,
        1,
        null,
        37,
        37,
        37,
        37,
        37,
        null,
        null,
        1,
        3,
        3,
        3,
        3,
        null,
        null
      ],
      "/Users/Aru/Desktop/Makers/week6/Makers-BnB-Challenge/spec/helpers/spaces.rb": [
        1,
        1,
        null,
        null,
        null,
        null,
        29,
        29,
        29,
        29,
        29,
        29,
        29,
        null,
        null
      ],
      "/Users/Aru/Desktop/Makers/week6/Makers-BnB-Challenge/spec/helpers/requests.rb": [
        1,
        1,
        17,
        17,
        17,
        null,
        null,
        1,
        5,
        5,
        5,
        null,
        null,
        null,
        1,
        1,
        1,
        1,
        null,
        null,
        null
      ],
      "/Users/Aru/Desktop/Makers/week6/Makers-BnB-Challenge/spec/features/individual_requests_spec.rb": [
        1,
        1,
        7,
        7,
        7,
        null,
        null,
        1,
        1,
        1,
        null,
        null,
        1,
        1,
        1,
        null,
        null,
        1,
        1,
        1,
        1,
        null,
        null,
        1,
        1,
        1,
        1,
        1,
        1,
        1,
        1,
        null,
        null,
        1,
        1,
        1,
        null,
        1,
        1,
        null,
        null,
        null,
        1,
        1,
        1,
        null,
        1,
        1,
        null,
        null,
        null,
        1,
        1,
        1,
        null,
        1,
        1,
        1,
        1,
        null,
        null
      ],
      "/Users/Aru/Desktop/Makers/week6/Makers-BnB-Challenge/spec/features/listing_a_space_spec.rb": [
        1,
        1,
        1,
        1,
        1,
        1,
        null,
        null,
        1,
        1,
        1,
        null,
        null,
        1,
        1,
        1,
        1,
        1,
        1,
        null,
        null,
        null,
        1,
        1,
        1,
        1,
        1,
        1,
        1,
        null,
        null,
        1,
        1,
        1,
        1,
        1,
        null,
        null,
        1,
        1,
        1,
        1,
        1,
        1,
        null,
        null,
        1,
        1,
        1,
        1,
        null,
        null,
        1,
        1,
        1,
        1,
        null,
        null,
        1,
        1,
        1,
        1,
        null,
        null,
        1,
        1,
        1,
        1,
        null,
        null,
        null
      ],
      "/Users/Aru/Desktop/Makers/week6/Makers-BnB-Challenge/spec/features/login_spec.rb": [
        1,
        1,
        3,
        null,
        null,
        null,
        null,
        1,
        1,
        1,
        1,
        null,
        null,
        1,
        1,
        1,
        1,
        null,
        null,
        1,
        1,
        1,
        null,
        null
      ],
      "/Users/Aru/Desktop/Makers/week6/Makers-BnB-Challenge/spec/features/logout_spec.rb": [
        1,
        1,
        1,
        1,
        1,
        1,
        1,
        null,
        null
      ],
      "/Users/Aru/Desktop/Makers/week6/Makers-BnB-Challenge/spec/features/sending_requests_spec.rb": [
        1,
        1,
        3,
        3,
        null,
        null,
        1,
        1,
        1,
        null,
        null,
        1,
        1,
        1,
        null,
        null,
        1,
        1,
        1,
        null,
        null
      ],
      "/Users/Aru/Desktop/Makers/week6/Makers-BnB-Challenge/spec/features/signup_spec.rb": [
        1,
        1,
        1,
        1,
        null,
        null,
        1,
        1,
        1,
        null,
        null,
        1,
        1,
        1,
        1,
        null,
        null,
        1,
        1,
        1,
        null,
        null,
        1,
        1,
        1,
        null,
        null,
        1,
        1,
        1,
        null,
        null,
        null
      ],
      "/Users/Aru/Desktop/Makers/week6/Makers-BnB-Challenge/spec/features/viewing_requests_spec.rb": [
        1,
        1,
        5,
        5,
        5,
        5,
        5,
        5,
        5,
        null,
        null,
        1,
        1,
        1,
        null,
        null,
        null,
        1,
        1,
        1,
        null,
        null,
        null,
        1,
        1,
        1,
        null,
        null,
        null,
        1,
        1,
        null,
        null,
        1,
        1,
        1,
        1,
        1,
        null,
        null,
        null
      ],
      "/Users/Aru/Desktop/Makers/week6/Makers-BnB-Challenge/spec/features/viewing_spaces_spec.rb": [
        1,
        1,
        4,
        4,
        null,
        null,
        1,
        1,
        1,
        1,
        1,
        null,
        1,
        1,
        1,
        1,
        null,
        1,
        1,
        1,
        1,
        1,
        null,
        1,
        1,
        1,
        1,
        null,
        null
      ],
      "/Users/Aru/Desktop/Makers/week6/Makers-BnB-Challenge/spec/space_spec.rb": [
        1,
        3,
        null,
        null,
        null,
        null,
        null,
        1,
        1,
        1,
        null,
        1,
        1,
        null,
        null,
        null
      ],
      "/Users/Aru/Desktop/Makers/week6/Makers-BnB-Challenge/spec/user_spec.rb": [
        1,
        1,
        1,
        2,
        null,
        null,
        null,
        null,
        1,
        1,
        1,
        null,
        null,
        1,
        1,
        null,
        null,
        null
      ]
    },
    "timestamp": 1471009195
  }
}
